  [1m[35m (90.2ms)[0m  [1m[35mCREATE TABLE "schema_migrations" ("version" varchar NOT NULL PRIMARY KEY)[0m
  [1m[35m (97.3ms)[0m  [1m[35mCREATE TABLE "ar_internal_metadata" ("key" varchar NOT NULL PRIMARY KEY, "value" varchar, "created_at" datetime(6) NOT NULL, "updated_at" datetime(6) NOT NULL)[0m
  [1m[36mActiveRecord::SchemaMigration Pluck (0.2ms)[0m  [1m[34mSELECT "schema_migrations"."version" FROM "schema_migrations" ORDER BY "schema_migrations"."version" ASC[0m
Migrating to CreateRestaurants (20230316082648)
  [1m[36mTRANSACTION (0.1ms)[0m  [1m[36mbegin transaction[0m
  [1m[35m (0.3ms)[0m  [1m[35mCREATE TABLE "restaurants" ("id" integer PRIMARY KEY AUTOINCREMENT NOT NULL, "name" varchar, "address" varchar, "created_at" datetime(6) NOT NULL, "updated_at" datetime(6) NOT NULL)[0m
  [1m[36mActiveRecord::SchemaMigration Create (0.2ms)[0m  [1m[32mINSERT INTO "schema_migrations" ("version") VALUES (?)[0m  [["version", "20230316082648"]]
  [1m[36mTRANSACTION (160.0ms)[0m  [1m[36mcommit transaction[0m
Migrating to CreatePizzas (20230316082651)
  [1m[36mTRANSACTION (0.1ms)[0m  [1m[36mbegin transaction[0m
  [1m[35m (0.4ms)[0m  [1m[35mCREATE TABLE "pizzas" ("id" integer PRIMARY KEY AUTOINCREMENT NOT NULL, "name" varchar, "ingredients" text, "created_at" datetime(6) NOT NULL, "updated_at" datetime(6) NOT NULL)[0m
  [1m[36mActiveRecord::SchemaMigration Create (0.2ms)[0m  [1m[32mINSERT INTO "schema_migrations" ("version") VALUES (?)[0m  [["version", "20230316082651"]]
  [1m[36mTRANSACTION (83.5ms)[0m  [1m[36mcommit transaction[0m
Migrating to CreateRestaurantPizzas (20230316082653)
  [1m[36mTRANSACTION (0.2ms)[0m  [1m[36mbegin transaction[0m
  [1m[35m (0.9ms)[0m  [1m[35mCREATE TABLE "restaurant_pizzas" ("id" integer PRIMARY KEY AUTOINCREMENT NOT NULL, "price" integer, "restaurant_id" integer NOT NULL, "pizza_id" integer NOT NULL, "created_at" datetime(6) NOT NULL, "updated_at" datetime(6) NOT NULL, CONSTRAINT "fk_rails_f279821f06"
FOREIGN KEY ("restaurant_id")
  REFERENCES "restaurants" ("id")
, CONSTRAINT "fk_rails_ab3bb148dc"
FOREIGN KEY ("pizza_id")
  REFERENCES "pizzas" ("id")
)[0m
  [1m[35m (0.5ms)[0m  [1m[35mCREATE INDEX "index_restaurant_pizzas_on_restaurant_id" ON "restaurant_pizzas" ("restaurant_id")[0m
  [1m[35m (0.2ms)[0m  [1m[35mCREATE INDEX "index_restaurant_pizzas_on_pizza_id" ON "restaurant_pizzas" ("pizza_id")[0m
  [1m[36mActiveRecord::SchemaMigration Create (0.6ms)[0m  [1m[32mINSERT INTO "schema_migrations" ("version") VALUES (?)[0m  [["version", "20230316082653"]]
  [1m[36mTRANSACTION (112.0ms)[0m  [1m[36mcommit transaction[0m
  [1m[36mActiveRecord::InternalMetadata Load (0.2ms)[0m  [1m[34mSELECT "ar_internal_metadata".* FROM "ar_internal_metadata" WHERE "ar_internal_metadata"."key" = ? LIMIT ?[0m  [["key", "environment"], ["LIMIT", 1]]
  [1m[36mTRANSACTION (0.1ms)[0m  [1m[36mbegin transaction[0m
  [1m[36mActiveRecord::InternalMetadata Create (0.4ms)[0m  [1m[32mINSERT INTO "ar_internal_metadata" ("key", "value", "created_at", "updated_at") VALUES (?, ?, ?, ?)[0m  [["key", "environment"], ["value", "development"], ["created_at", "2023-03-16 08:27:33.934723"], ["updated_at", "2023-03-16 08:27:33.934723"]]
  [1m[36mTRANSACTION (128.1ms)[0m  [1m[36mcommit transaction[0m
  [1m[36mActiveRecord::SchemaMigration Pluck (0.1ms)[0m  [1m[34mSELECT "schema_migrations"."version" FROM "schema_migrations" ORDER BY "schema_migrations"."version" ASC[0m
  [1m[36mActiveRecord::SchemaMigration Pluck (0.1ms)[0m  [1m[34mSELECT "schema_migrations"."version" FROM "schema_migrations" ORDER BY "schema_migrations"."version" ASC[0m
  [1m[36mActiveRecord::SchemaMigration Pluck (0.3ms)[0m  [1m[34mSELECT "schema_migrations"."version" FROM "schema_migrations" ORDER BY "schema_migrations"."version" ASC[0m
  [1m[36mActiveRecord::InternalMetadata Load (0.3ms)[0m  [1m[34mSELECT "ar_internal_metadata".* FROM "ar_internal_metadata" WHERE "ar_internal_metadata"."key" = ? LIMIT ?[0m  [["key", "environment"], ["LIMIT", 1]]
  [1m[36mActiveRecord::SchemaMigration Pluck (0.3ms)[0m  [1m[34mSELECT "schema_migrations"."version" FROM "schema_migrations" ORDER BY "schema_migrations"."version" ASC[0m
  [1m[36mActiveRecord::SchemaMigration Pluck (0.2ms)[0m  [1m[34mSELECT "schema_migrations"."version" FROM "schema_migrations" ORDER BY "schema_migrations"."version" ASC[0m
  [1m[36mTRANSACTION (0.1ms)[0m  [1m[36mbegin transaction[0m
  [1m[36mRestaurant Create (0.4ms)[0m  [1m[32mINSERT INTO "restaurants" ("name", "address", "created_at", "updated_at") VALUES (?, ?, ?, ?)[0m  [["name", "Sottocasa NYC"], ["address", "298 Atlantic Ave, Brooklyn, NY 11201"], ["created_at", "2023-03-16 08:34:04.756277"], ["updated_at", "2023-03-16 08:34:04.756277"]]
  [1m[36mTRANSACTION (546.1ms)[0m  [1m[36mcommit transaction[0m
  [1m[36mTRANSACTION (0.2ms)[0m  [1m[36mbegin transaction[0m
  [1m[36mRestaurant Create (0.9ms)[0m  [1m[32mINSERT INTO "restaurants" ("name", "address", "created_at", "updated_at") VALUES (?, ?, ?, ?)[0m  [["name", "PizzArte"], ["address", "69 W 55th St, New York, NY 10019"], ["created_at", "2023-03-16 08:34:05.311454"], ["updated_at", "2023-03-16 08:34:05.311454"]]
  [1m[36mTRANSACTION (139.6ms)[0m  [1m[36mcommit transaction[0m
  [1m[36mTRANSACTION (0.2ms)[0m  [1m[36mbegin transaction[0m
  [1m[36mRestaurant Create (0.7ms)[0m  [1m[32mINSERT INTO "restaurants" ("name", "address", "created_at", "updated_at") VALUES (?, ?, ?, ?)[0m  [["name", "Di Fara Pizza"], ["address", "1424 Avenue J, Brooklyn, NY 11230"], ["created_at", "2023-03-16 08:34:05.465422"], ["updated_at", "2023-03-16 08:34:05.465422"]]
  [1m[36mTRANSACTION (132.3ms)[0m  [1m[36mcommit transaction[0m
  [1m[36mTRANSACTION (0.2ms)[0m  [1m[36mbegin transaction[0m
  [1m[36mPizza Create (0.9ms)[0m  [1m[32mINSERT INTO "pizzas" ("name", "ingredients", "created_at", "updated_at") VALUES (?, ?, ?, ?)[0m  [["name", "Cheese"], ["ingredients", "Dough, Tomato Sauce, Cheese"], ["created_at", "2023-03-16 08:34:05.661165"], ["updated_at", "2023-03-16 08:34:05.661165"]]
  [1m[36mTRANSACTION (101.4ms)[0m  [1m[36mcommit transaction[0m
  [1m[36mTRANSACTION (0.1ms)[0m  [1m[36mbegin transaction[0m
  [1m[36mPizza Create (0.8ms)[0m  [1m[32mINSERT INTO "pizzas" ("name", "ingredients", "created_at", "updated_at") VALUES (?, ?, ?, ?)[0m  [["name", "Pepperoni"], ["ingredients", "Dough, Tomato Sauce, Cheese, Pepperoni"], ["created_at", "2023-03-16 08:34:05.775411"], ["updated_at", "2023-03-16 08:34:05.775411"]]
  [1m[36mTRANSACTION (101.0ms)[0m  [1m[36mcommit transaction[0m
  [1m[36mTRANSACTION (0.3ms)[0m  [1m[36mbegin transaction[0m
  [1m[36mPizza Create (1.2ms)[0m  [1m[32mINSERT INTO "pizzas" ("name", "ingredients", "created_at", "updated_at") VALUES (?, ?, ?, ?)[0m  [["name", "Margherita"], ["ingredients", "Dough, Tomato Sauce, Mozzarella, Basil"], ["created_at", "2023-03-16 08:34:05.889682"], ["updated_at", "2023-03-16 08:34:05.889682"]]
  [1m[36mTRANSACTION (122.6ms)[0m  [1m[36mcommit transaction[0m
  [1m[36mTRANSACTION (0.1ms)[0m  [1m[36mbegin transaction[0m
  [1m[36mRestaurantPizza Create (0.8ms)[0m  [1m[32mINSERT INTO "restaurant_pizzas" ("price", "restaurant_id", "pizza_id", "created_at", "updated_at") VALUES (?, ?, ?, ?, ?)[0m  [["price", 10], ["restaurant_id", 1], ["pizza_id", 1], ["created_at", "2023-03-16 08:34:06.092299"], ["updated_at", "2023-03-16 08:34:06.092299"]]
  [1m[36mTRANSACTION (130.3ms)[0m  [1m[36mcommit transaction[0m
  [1m[36mTRANSACTION (0.1ms)[0m  [1m[36mbegin transaction[0m
  [1m[36mRestaurantPizza Create (0.9ms)[0m  [1m[32mINSERT INTO "restaurant_pizzas" ("price", "restaurant_id", "pizza_id", "created_at", "updated_at") VALUES (?, ?, ?, ?, ?)[0m  [["price", 12], ["restaurant_id", 1], ["pizza_id", 2], ["created_at", "2023-03-16 08:34:06.229736"], ["updated_at", "2023-03-16 08:34:06.229736"]]
  [1m[36mTRANSACTION (124.8ms)[0m  [1m[36mcommit transaction[0m
  [1m[36mTRANSACTION (0.3ms)[0m  [1m[36mbegin transaction[0m
  [1m[36mRestaurantPizza Create (0.8ms)[0m  [1m[32mINSERT INTO "restaurant_pizzas" ("price", "restaurant_id", "pizza_id", "created_at", "updated_at") VALUES (?, ?, ?, ?, ?)[0m  [["price", 9], ["restaurant_id", 2], ["pizza_id", 1], ["created_at", "2023-03-16 08:34:06.364464"], ["updated_at", "2023-03-16 08:34:06.364464"]]
  [1m[36mTRANSACTION (100.8ms)[0m  [1m[36mcommit transaction[0m
  [1m[36mTRANSACTION (0.1ms)[0m  [1m[36mbegin transaction[0m
  [1m[36mRestaurantPizza Create (0.7ms)[0m  [1m[32mINSERT INTO "restaurant_pizzas" ("price", "restaurant_id", "pizza_id", "created_at", "updated_at") VALUES (?, ?, ?, ?, ?)[0m  [["price", 11], ["restaurant_id", 2], ["pizza_id", 2], ["created_at", "2023-03-16 08:34:06.475344"], ["updated_at", "2023-03-16 08:34:06.475344"]]
  [1m[36mTRANSACTION (78.6ms)[0m  [1m[36mcommit transaction[0m
  [1m[36mTRANSACTION (0.2ms)[0m  [1m[36mbegin transaction[0m
  [1m[36mRestaurantPizza Create (1.0ms)[0m  [1m[32mINSERT INTO "restaurant_pizzas" ("price", "restaurant_id", "pizza_id", "created_at", "updated_at") VALUES (?, ?, ?, ?, ?)[0m  [["price", 13], ["restaurant_id", 2], ["pizza_id", 3], ["created_at", "2023-03-16 08:34:06.564506"], ["updated_at", "2023-03-16 08:34:06.564506"]]
  [1m[36mTRANSACTION (133.2ms)[0m  [1m[36mcommit transaction[0m
  [1m[36mTRANSACTION (0.3ms)[0m  [1m[36mbegin transaction[0m
  [1m[36mRestaurantPizza Create (1.8ms)[0m  [1m[32mINSERT INTO "restaurant_pizzas" ("price", "restaurant_id", "pizza_id", "created_at", "updated_at") VALUES (?, ?, ?, ?, ?)[0m  [["price", 8], ["restaurant_id", 3], ["pizza_id", 1], ["created_at", "2023-03-16 08:34:06.713647"], ["updated_at", "2023-03-16 08:34:06.713647"]]
  [1m[36mTRANSACTION (132.7ms)[0m  [1m[36mcommit transaction[0m
  [1m[36mTRANSACTION (0.3ms)[0m  [1m[36mbegin transaction[0m
  [1m[36mRestaurantPizza Create (1.7ms)[0m  [1m[32mINSERT INTO "restaurant_pizzas" ("price", "restaurant_id", "pizza_id", "created_at", "updated_at") VALUES (?, ?, ?, ?, ?)[0m  [["price", 14], ["restaurant_id", 3], ["pizza_id", 3], ["created_at", "2023-03-16 08:34:06.869046"], ["updated_at", "2023-03-16 08:34:06.869046"]]
  [1m[36mTRANSACTION (98.0ms)[0m  [1m[36mcommit transaction[0m
Started GET "/" for ::1 at 2023-03-16 11:55:11 +0300
  [1m[36mActiveRecord::SchemaMigration Pluck (0.3ms)[0m  [1m[34mSELECT "schema_migrations"."version" FROM "schema_migrations" ORDER BY "schema_migrations"."version" ASC[0m
Processing by Rails::WelcomeController#index as HTML
  Rendering /home/ghost/.rbenv/versions/2.7.5/lib/ruby/gems/2.7.0/gems/railties-7.0.4.3/lib/rails/templates/rails/welcome/index.html.erb
  Rendered /home/ghost/.rbenv/versions/2.7.5/lib/ruby/gems/2.7.0/gems/railties-7.0.4.3/lib/rails/templates/rails/welcome/index.html.erb (Duration: 16.0ms | Allocations: 766)
Completed 200 OK in 101ms (Views: 22.1ms | ActiveRecord: 0.0ms | Allocations: 6651)


Started GET "/pizza" for ::1 at 2023-03-16 11:55:19 +0300
  
ActionController::RoutingError (No route matches [GET] "/pizza"):
  
Started GET "/favicon.ico" for ::1 at 2023-03-16 11:55:19 +0300
  
ActionController::RoutingError (No route matches [GET] "/favicon.ico"):
  
Started GET "/pizzas" for ::1 at 2023-03-16 11:55:25 +0300
  
ActionController::RoutingError (uninitialized constant PizzasController
Did you mean?  PizzaController):
  
Started GET "/restaurants" for ::1 at 2023-03-16 11:55:37 +0300
Processing by RestaurantsController#index as HTML
  [1m[36mRestaurant Load (0.8ms)[0m  [1m[34mSELECT "restaurants".* FROM "restaurants"[0m
  ↳ app/controllers/restaurants_controller.rb:6:in `index'
Completed 200 OK in 200ms (Views: 43.3ms | ActiveRecord: 3.2ms | Allocations: 19609)


Started GET "/restaurants_pizza" for ::1 at 2023-03-16 12:00:00 +0300
  
ActionController::RoutingError (No route matches [GET] "/restaurants_pizza"):
  
Started GET "/restaurant_pizza" for ::1 at 2023-03-16 12:00:17 +0300
  
ActionController::RoutingError (No route matches [GET] "/restaurant_pizza"):
  
Started GET "/restaurants" for ::1 at 2023-03-16 12:00:24 +0300
Processing by RestaurantsController#index as HTML
  [1m[36mRestaurant Load (0.1ms)[0m  [1m[34mSELECT "restaurants".* FROM "restaurants"[0m
  ↳ app/controllers/restaurants_controller.rb:6:in `index'
Completed 200 OK in 13ms (Views: 7.2ms | ActiveRecord: 1.3ms | Allocations: 5091)


Started GET "/pizza" for ::1 at 2023-03-16 12:02:25 +0300
  
ActionController::RoutingError (No route matches [GET] "/pizza"):
  
Started GET "/pizzas" for ::1 at 2023-03-16 12:02:30 +0300
  
ActionController::RoutingError (uninitialized constant PizzasController
Did you mean?  PizzaController):
  
